生成启动时间为 2022/10/30 18:42:06。
     1>项目“C:\Users\12414\Desktop\C代2010码\进制转化\进制转化\进制转化.vcxproj”在节点 2 上(build 个目标)。
     1>PrepareForBuild:
         正在创建目录“C:\Users\12414\Desktop\C代2010码\进制转化\Debug\”。
       InitializeBuildStatus:
         正在创建“Debug\进制转化.unsuccessfulbuild”，因为已指定“AlwaysCreate”。
       ClCompile:
         D:\Program Files (x86)\Microsoft Visual Studio 10.0\VC\bin\CL.exe /c /ZI /nologo /W3 /WX- /Od /Oy- /D WIN32 /D _DEBUG /D _CONSOLE /D _UNICODE /D UNICODE /Gm /EHsc /RTC1 /MDd /GS /fp:precise /Zc:wchar_t /Zc:forScope /Fo"Debug\\" /Fd"Debug\vc100.pdb" /Gd /TC /analyze- /errorReport:prompt "进制转化.c"
         进制转化.c
       ManifestResourceCompile:
         C:\Program Files (x86)\Microsoft SDKs\Windows\v7.0A\bin\rc.exe /nologo /fo"Debug\进制转化.exe.embed.manifest.res" "Debug\进制转化_manifest.rc" 
       Link:
         D:\Program Files (x86)\Microsoft Visual Studio 10.0\VC\bin\link.exe /ERRORREPORT:PROMPT /OUT:"C:\Users\12414\Desktop\C代2010码\进制转化\Debug\进制转化.exe" /INCREMENTAL /NOLOGO kernel32.lib user32.lib gdi32.lib winspool.lib comdlg32.lib advapi32.lib shell32.lib ole32.lib oleaut32.lib uuid.lib odbc32.lib odbccp32.lib /MANIFEST /ManifestFile:"Debug\进制转化.exe.intermediate.manifest" /MANIFESTUAC:"level='asInvoker' uiAccess='false'" /DEBUG /PDB:"C:\Users\12414\Desktop\C代2010码\进制转化\Debug\进制转化.pdb" /SUBSYSTEM:CONSOLE /TLBID:1 /DYNAMICBASE /NXCOMPAT /IMPLIB:"C:\Users\12414\Desktop\C代2010码\进制转化\Debug\进制转化.lib" /MACHINE:X86 "Debug\进制转化.exe.embed.manifest.res"
         "Debug\进制转化.obj"
       Manifest:
         C:\Program Files (x86)\Microsoft SDKs\Windows\v7.0A\bin\mt.exe /nologo /verbose /out:"Debug\进制转化.exe.embed.manifest" /manifest "Debug\进制转化.exe.intermediate.manifest"
         C:\Program Files (x86)\Microsoft SDKs\Windows\v7.0A\bin\rc.exe /nologo /fo"Debug\进制转化.exe.embed.manifest.res" "Debug\进制转化_manifest.rc" 
       LinkEmbedManifest:
         D:\Program Files (x86)\Microsoft Visual Studio 10.0\VC\bin\link.exe /ERRORREPORT:PROMPT /OUT:"C:\Users\12414\Desktop\C代2010码\进制转化\Debug\进制转化.exe" /INCREMENTAL /NOLOGO kernel32.lib user32.lib gdi32.lib winspool.lib comdlg32.lib advapi32.lib shell32.lib ole32.lib oleaut32.lib uuid.lib odbc32.lib odbccp32.lib /MANIFEST /ManifestFile:"Debug\进制转化.exe.intermediate.manifest" /MANIFESTUAC:"level='asInvoker' uiAccess='false'" /DEBUG /PDB:"C:\Users\12414\Desktop\C代2010码\进制转化\Debug\进制转化.pdb" /SUBSYSTEM:CONSOLE /TLBID:1 /DYNAMICBASE /NXCOMPAT /IMPLIB:"C:\Users\12414\Desktop\C代2010码\进制转化\Debug\进制转化.lib" /MACHINE:X86 "Debug\进制转化.exe.embed.manifest.res"
         "Debug\进制转化.obj"
         进制转化.vcxproj -> C:\Users\12414\Desktop\C代2010码\进制转化\Debug\进制转化.exe
       FinalizeBuildStatus:
         正在删除文件“Debug\进制转化.unsuccessfulbuild”。
         正在对“Debug\进制转化.lastbuildstate”执行 Touch 任务。
     1>已完成生成项目“C:\Users\12414\Desktop\C代2010码\进制转化\进制转化\进制转化.vcxproj”(build 个目标)的操作。

生成成功。

已用时间 00:00:00.90
