生成启动时间为 2022/11/14 10:59:07。
     1>项目“C:\Users\12414\Desktop\C代2010码\冒泡算法，选择算法\冒泡算法，选择算法\冒泡算法，选择算法.vcxproj”在节点 2 上(build 个目标)。
     1>InitializeBuildStatus:
         正在创建“Debug\冒泡算法，选择算法.unsuccessfulbuild”，因为已指定“AlwaysCreate”。
       ClCompile:
         D:\Program Files (x86)\Microsoft Visual Studio 10.0\VC\bin\CL.exe /c /Zi /nologo /W3 /WX- /Od /Oy- /D WIN32 /D _DEBUG /D _CONSOLE /D _UNICODE /D UNICODE /Gm /EHsc /RTC1 /MDd /GS /fp:precise /Zc:wchar_t /Zc:forScope /Fo"Debug\\" /Fd"Debug\vc100.pdb" /Gd /TC /analyze- /errorReport:prompt 22_11_14.c
         22_11_14.c
       ManifestResourceCompile:
         所有输出均为最新。
       Link:
         D:\Program Files (x86)\Microsoft Visual Studio 10.0\VC\bin\link.exe /ERRORREPORT:PROMPT /OUT:"C:\Users\12414\Desktop\C代2010码\冒泡算法，选择算法\Debug\冒泡算法，选择算法.exe" /INCREMENTAL /NOLOGO kernel32.lib user32.lib gdi32.lib winspool.lib comdlg32.lib advapi32.lib shell32.lib ole32.lib oleaut32.lib uuid.lib odbc32.lib odbccp32.lib /MANIFEST /ManifestFile:"Debug\冒泡算法，选择算法.exe.intermediate.manifest" /MANIFESTUAC:"level='asInvoker' uiAccess='false'" /DEBUG /PDB:"C:\Users\12414\Desktop\C代2010码\冒泡算法，选择算法\Debug\冒泡算法，选择算法.pdb" /SUBSYSTEM:CONSOLE /TLBID:1 /DYNAMICBASE /NXCOMPAT /IMPLIB:"C:\Users\12414\Desktop\C代2010码\冒泡算法，选择算法\Debug\冒泡算法，选择算法.lib" /MACHINE:X86 "Debug\冒泡算法，选择算法.exe.embed.manifest.res"
         Debug\22_11_14.obj
       Manifest:
         C:\Program Files (x86)\Microsoft SDKs\Windows\v7.0A\bin\mt.exe /nologo /verbose /out:"Debug\冒泡算法，选择算法.exe.embed.manifest" /manifest "Debug\冒泡算法，选择算法.exe.intermediate.manifest"
         所有输出均为最新。
       LinkEmbedManifest:
         所有输出均为最新。
         冒泡算法，选择算法.vcxproj -> C:\Users\12414\Desktop\C代2010码\冒泡算法，选择算法\Debug\冒泡算法，选择算法.exe
       FinalizeBuildStatus:
         正在删除文件“Debug\冒泡算法，选择算法.unsuccessfulbuild”。
         正在对“Debug\冒泡算法，选择算法.lastbuildstate”执行 Touch 任务。
     1>已完成生成项目“C:\Users\12414\Desktop\C代2010码\冒泡算法，选择算法\冒泡算法，选择算法\冒泡算法，选择算法.vcxproj”(build 个目标)的操作。

生成成功。

已用时间 00:00:00.48
