生成启动时间为 2022/11/4 21:27:39。
     1>项目“C:\Users\12414\Desktop\C代2010码\模拟实现strcpy\模拟实现strcpy\模拟实现strcpy.vcxproj”在节点 2 上(build 个目标)。
     1>InitializeBuildStatus:
         正在创建“Debug\模拟实现strcpy.unsuccessfulbuild”，因为已指定“AlwaysCreate”。
       ClCompile:
         D:\Program Files (x86)\Microsoft Visual Studio 10.0\VC\bin\CL.exe /c /ZI /nologo /W3 /WX- /Od /Oy- /D WIN32 /D _DEBUG /D _CONSOLE /D _UNICODE /D UNICODE /Gm /EHsc /RTC1 /MDd /GS /fp:precise /Zc:wchar_t /Zc:forScope /Fo"Debug\\" /Fd"Debug\vc100.pdb" /Gd /TC /analyze- /errorReport:prompt "模拟实现strcpy.c"
         模拟实现strcpy.c
     1>c:\users\12414\desktop\c代2010码\模拟实现strcpy\模拟实现strcpy\模拟实现strcpy.c(8): warning C4047: “!=”:“int”与“void *”的间接级别不同
     1>c:\users\12414\desktop\c代2010码\模拟实现strcpy\模拟实现strcpy\模拟实现strcpy.c(9): warning C4047: “!=”:“int”与“void *”的间接级别不同
       ManifestResourceCompile:
         所有输出均为最新。
       Link:
         D:\Program Files (x86)\Microsoft Visual Studio 10.0\VC\bin\link.exe /ERRORREPORT:PROMPT /OUT:"C:\Users\12414\Desktop\C代2010码\模拟实现strcpy\Debug\模拟实现strcpy.exe" /INCREMENTAL /NOLOGO kernel32.lib user32.lib gdi32.lib winspool.lib comdlg32.lib advapi32.lib shell32.lib ole32.lib oleaut32.lib uuid.lib odbc32.lib odbccp32.lib /MANIFEST /ManifestFile:"Debug\模拟实现strcpy.exe.intermediate.manifest" /MANIFESTUAC:"level='asInvoker' uiAccess='false'" /DEBUG /PDB:"C:\Users\12414\Desktop\C代2010码\模拟实现strcpy\Debug\模拟实现strcpy.pdb" /SUBSYSTEM:CONSOLE /TLBID:1 /DYNAMICBASE /NXCOMPAT /IMPLIB:"C:\Users\12414\Desktop\C代2010码\模拟实现strcpy\Debug\模拟实现strcpy.lib" /MACHINE:X86 "Debug\模拟实现strcpy.exe.embed.manifest.res"
         "Debug\模拟实现strcpy.obj"
       Manifest:
         C:\Program Files (x86)\Microsoft SDKs\Windows\v7.0A\bin\mt.exe /nologo /verbose /out:"Debug\模拟实现strcpy.exe.embed.manifest" /manifest "Debug\模拟实现strcpy.exe.intermediate.manifest"
         所有输出均为最新。
       LinkEmbedManifest:
         所有输出均为最新。
         模拟实现strcpy.vcxproj -> C:\Users\12414\Desktop\C代2010码\模拟实现strcpy\Debug\模拟实现strcpy.exe
       FinalizeBuildStatus:
         正在删除文件“Debug\模拟实现strcpy.unsuccessfulbuild”。
         正在对“Debug\模拟实现strcpy.lastbuildstate”执行 Touch 任务。
     1>已完成生成项目“C:\Users\12414\Desktop\C代2010码\模拟实现strcpy\模拟实现strcpy\模拟实现strcpy.vcxproj”(build 个目标)的操作。

生成成功。

已用时间 00:00:00.44
