生成启动时间为 2022/11/14 12:14:44。
     1>项目“C:\Users\12414\Desktop\C代2010码\二维数组鞍点\二维数组鞍点\二维数组鞍点.vcxproj”在节点 2 上(build 个目标)。
     1>InitializeBuildStatus:
         正在创建“Debug\二维数组鞍点.unsuccessfulbuild”，因为已指定“AlwaysCreate”。
       ClCompile:
         D:\Program Files (x86)\Microsoft Visual Studio 10.0\VC\bin\CL.exe /c /ZI /nologo /W3 /WX- /Od /Oy- /D WIN32 /D _DEBUG /D _CONSOLE /D _UNICODE /D UNICODE /Gm /EHsc /RTC1 /MDd /GS /fp:precise /Zc:wchar_t /Zc:forScope /Fo"Debug\\" /Fd"Debug\vc100.pdb" /Gd /TP /analyze- /errorReport:prompt 22_11_14.cpp
         22_11_14.cpp
     1>c:\users\12414\desktop\c代2010码\二维数组鞍点\二维数组鞍点\22_11_14.cpp(10): warning C4101: “rj”: 未引用的局部变量
     1>c:\users\12414\desktop\c代2010码\二维数组鞍点\二维数组鞍点\22_11_14.cpp(10): warning C4101: “ri”: 未引用的局部变量
     1>c:\users\12414\desktop\c代2010码\二维数组鞍点\二维数组鞍点\22_11_14.cpp(8): warning C4101: “b”: 未引用的局部变量
       ManifestResourceCompile:
         所有输出均为最新。
       Link:
         D:\Program Files (x86)\Microsoft Visual Studio 10.0\VC\bin\link.exe /ERRORREPORT:PROMPT /OUT:"C:\Users\12414\Desktop\C代2010码\二维数组鞍点\Debug\二维数组鞍点.exe" /INCREMENTAL /NOLOGO kernel32.lib user32.lib gdi32.lib winspool.lib comdlg32.lib advapi32.lib shell32.lib ole32.lib oleaut32.lib uuid.lib odbc32.lib odbccp32.lib /MANIFEST /ManifestFile:"Debug\二维数组鞍点.exe.intermediate.manifest" /MANIFESTUAC:"level='asInvoker' uiAccess='false'" /DEBUG /PDB:"C:\Users\12414\Desktop\C代2010码\二维数组鞍点\Debug\二维数组鞍点.pdb" /SUBSYSTEM:CONSOLE /TLBID:1 /DYNAMICBASE /NXCOMPAT /IMPLIB:"C:\Users\12414\Desktop\C代2010码\二维数组鞍点\Debug\二维数组鞍点.lib" /MACHINE:X86 "Debug\二维数组鞍点.exe.embed.manifest.res"
         Debug\22_11_14.obj
       Manifest:
         C:\Program Files (x86)\Microsoft SDKs\Windows\v7.0A\bin\mt.exe /nologo /verbose /out:"Debug\二维数组鞍点.exe.embed.manifest" /manifest "Debug\二维数组鞍点.exe.intermediate.manifest"
         所有输出均为最新。
       LinkEmbedManifest:
         所有输出均为最新。
         二维数组鞍点.vcxproj -> C:\Users\12414\Desktop\C代2010码\二维数组鞍点\Debug\二维数组鞍点.exe
       FinalizeBuildStatus:
         正在删除文件“Debug\二维数组鞍点.unsuccessfulbuild”。
         正在对“Debug\二维数组鞍点.lastbuildstate”执行 Touch 任务。
     1>已完成生成项目“C:\Users\12414\Desktop\C代2010码\二维数组鞍点\二维数组鞍点\二维数组鞍点.vcxproj”(build 个目标)的操作。

生成成功。

已用时间 00:00:00.52
